# Logfile created on Fri Feb 12 16:56:46 +0400 2016DEPRECATION WARNING: :authenticatable as module is deprecated. Please give :database_authenticatable instead. (called from /home/forever/projects/blog/app/models/user.rb:4)
DEPRECATION WARNING: :authenticatable as module is deprecated. Please give :database_authenticatable instead. (called from /home/forever/projects/blog/app/models/user.rb:4)
DEPRECATION WARNING: :authenticatable as module is deprecated. Please give :database_authenticatable instead. (called from /home/forever/projects/blog/app/models/user.rb:4)
DEPRECATION WARNING: :authenticatable as module is deprecated. Please give :database_authenticatable instead. (called from /home/forever/projects/blog/app/models/user.rb:4)
DEPRECATION WARNING: :authenticatable as module is deprecated. Please give :database_authenticatable instead. (called from /home/forever/projects/blog/app/models/user.rb:4)
  [4;36;1mSQL (0.5ms)[0m   [0;1m SELECT name
 FROM sqlite_master
 WHERE type = 'table' AND NOT name = 'sqlite_sequence'
[0m
  [4;35;1mSQL (0.1ms)[0m   [0mSELECT version FROM schema_migrations[0m
Migrating to DeviseCreateUsers (20160211085500)
Migrating to CreatePosts (20160211091027)
Migrating to AddNameToUsers (20160212140548)
  [4;36;1mSQL (0.1ms)[0m   [0;1mselect sqlite_version(*)[0m
  [4;35;1mSQL (0.5ms)[0m   [0mALTER TABLE "users" ADD "name" varchar(255)[0m
  [4;36;1mSQL (0.1ms)[0m   [0;1mINSERT INTO schema_migrations (version) VALUES ('20160212140548')[0m
  [4;35;1mSQL (0.3ms)[0m   [0m SELECT name
 FROM sqlite_master
 WHERE type = 'table' AND NOT name = 'sqlite_sequence'
[0m
  [4;36;1mSQL (0.2ms)[0m   [0;1mSELECT version FROM schema_migrations[0m
  [4;35;1mSQL (0.2ms)[0m   [0m SELECT name
 FROM sqlite_master
 WHERE type = 'table' AND NOT name = 'sqlite_sequence'
[0m
  [4;36;1mSQL (0.1ms)[0m   [0;1mPRAGMA index_list("posts")[0m
  [4;35;1mSQL (0.1ms)[0m   [0mPRAGMA index_info('index_posts_on_user_id')[0m
  [4;36;1mSQL (0.1ms)[0m   [0;1mPRAGMA index_info('index_posts_on_title')[0m
  [4;35;1mSQL (0.3ms)[0m   [0mPRAGMA index_list("users")[0m
  [4;36;1mSQL (0.2ms)[0m   [0;1mPRAGMA index_info('index_users_on_reset_password_token')[0m
  [4;35;1mSQL (0.2ms)[0m   [0mPRAGMA index_info('index_users_on_confirmation_token')[0m
  [4;36;1mSQL (0.2ms)[0m   [0;1mPRAGMA index_info('index_users_on_email')[0m
